Change Component Designator: Old Designator=* New Designator=*1
Change Component Designator: Old Designator=* New Designator=*2
Change Component Designator: Old Designator=* New Designator=*3
Change Component Designator: Old Designator=* New Designator=*4
Change Component Designator: Old Designator=* New Designator=*5
Change Component Designator: Old Designator=* New Designator=*6
Change Component Designator: Old Designator=* New Designator=*7
Change Component Designator: Old Designator=E New Designator=E1
Change Component Designator: Old Designator=Encoder New Designator=Encoder1
Change Component Designator: Old Designator=LCD New Designator=LCD1
Change Component Designator: Old Designator=Program New Designator=Program1
Change Component Designator: Old Designator=Q? New Designator=Q1
Change Component Designator: Old Designator=R1 New Designator=R2
Change Component Designator: Old Designator=R1 New Designator=R4
Change Component Designator: Old Designator=R2 New Designator=R1
Change Component Designator: Old Designator=R2 New Designator=R5
Change Component Designator: Old Designator=R3 New Designator=R6
Change Component Designator: Old Designator=R4 New Designator=R8
Change Component Designator: Old Designator=R18 New Designator=R10
Change Component Designator: Old Designator=R18 New Designator=R11
Change Component Designator: Old Designator=R18 New Designator=R12
Change Component Designator: Old Designator=R18 New Designator=R13
Change Component Designator: Old Designator=R18 New Designator=R14
Change Component Designator: Old Designator=R18 New Designator=R15
Change Component Designator: Old Designator=R19 New Designator=R16
Change Component Designator: Old Designator=R26 New Designator=R9
Change Component Designator: Old Designator=R? New Designator=R7
Change Component Designator: Old Designator=Solder New Designator=Solder1
Change Component Designator: Old Designator=T?? New Designator=T1
Change Component Designator: Old Designator=Test New Designator=Test1
Change Component Designator: Old Designator=U? New Designator=U1
